# Server version 0.08 running on 142.157.50.84:8123
# Game ID: 101
# Board class: pentago_swap.PentagoBoard
# Timeout: 2000
# First Move Timeout: 30000
# Date: Fri Apr 05 17:31:35 EDT 2019
# Player 1: Player-0, 'Human', running on 142.157.50.84
# Player 2: Player-1, '260728358', running on 142.157.50.84
START Player-0 Human
START Player-1 260728358
0 0 TL TR 0
0 0 TL TR 1
0 1 TL TR 0
0 2 TL TR 1
1 1 TL TR 0
0 1 TL TR 1
2 1 TL TR 0
0 5 TL BR 1
2 5 BR BL 0
2 2 TR BL 1
3 3 BL TL 0
1 0 TR BL 1
4 4 BR TR 0
0 4 TR BR 1
GAMEOVER WINNER 0
# Game ended: Fri Apr 05 17:33:02 EDT 2019
