# Server version 0.08 running on 142.157.50.84:8123
# Game ID: 16
# Board class: pentago_swap.PentagoBoard
# Timeout: 2000
# First Move Timeout: 30000
# Date: Fri Apr 05 14:29:41 EDT 2019
# Player 1: Player-0, '260728358', running on 142.157.50.84
# Player 2: Player-1, 'Human', running on 142.157.50.84
START Player-0 260728358
START Player-1 Human
5 2 TR BR 0
4 1 BL TR 1
0 3 TL TR 0
2 0 TL BR 1
3 4 BL BR 0
3 2 TR BL 1
2 2 TL BL 0
3 2 BL TL 1
5 3 BL BR 0
1 1 TL BL 1
GAMEOVER WINNER 1
# Game ended: Fri Apr 05 14:30:13 EDT 2019
