# Server version 0.08 running on 142.157.50.84:8123
# Game ID: 117
# Board class: pentago_swap.PentagoBoard
# Timeout: 2000
# First Move Timeout: 30000
# Date: Sat Apr 06 12:16:19 EDT 2019
# Player 1: Player-0, 'Human', running on 142.157.50.84
# Player 2: Player-1, '260728358', running on 142.157.50.84
START Player-0 Human
START Player-1 260728358
1 1 TL TR 0
0 0 TL TR 1
2 2 TL BL 0
3 0 TR BR 1
4 2 BL TL 0
0 1 TL TR 1
2 3 TR TL 0
0 2 TL TR 1
0 2 TL BR 0
0 2 TL TR 1
0 4 TR BL 0
2 1 TL BL 1
4 0 BL TR 0
1 0 TL TR 1
2 3 TR BL 0
4 1 TR BL 1
2 5 TR BR 0
4 5 TR BR 1
2 4 TL BR 0
1 2 TR BR 1
1 1 TL BL 0
5 0 TL BR 1
3 5 BR BL 0
4 1 BL BR 1
4 5 BR TR 0
4 0 BL BR 1
2 5 BL TR 0
5 1 TR BL 1
0 4 BL TR 0
3 3 TR BL 1
0 3 TR BR 0
2 5 BL BR 1
0 4 TR TL 0
2 1 TL TR 1
4 0 BR TR 0
5 0 TR BR 1
GAMEOVER DRAW
# Game ended: Sat Apr 06 12:19:10 EDT 2019
