# Server version 0.08 running on 142.157.50.84:8123
# Game ID: 25
# Board class: pentago_swap.PentagoBoard
# Timeout: 2000
# First Move Timeout: 30000
# Date: Fri Apr 05 14:51:52 EDT 2019
# Player 1: Player-0, 'Human', running on 142.157.50.84
# Player 2: Player-1, '260728358', running on 142.157.50.84
START Player-0 Human
START Player-1 260728358
0 0 TL TR 0
0 0 TL TR 1
0 1 TL TR 0
0 2 TL TR 1
0 2 TL BL 0
0 0 TL BL 1
3 3 TL TR 0
1 1 TL TR 1
3 4 TR BR 0
GAMEOVER WINNER 0
# Game ended: Fri Apr 05 14:52:29 EDT 2019
