# Server version 0.08 running on 142.157.50.84:8123
# Game ID: 31
# Board class: pentago_swap.PentagoBoard
# Timeout: 2000
# First Move Timeout: 30000
# Date: Fri Apr 05 14:58:24 EDT 2019
# Player 1: Player-0, '260728358', running on 142.157.50.84
# Player 2: Player-1, 'Human', running on 142.157.50.84
START Player-0 260728358
START Player-1 Human
0 0 TL TR 0
0 1 TL TR 1
0 1 TL TR 0
1 2 TL BL 1
0 5 TL TR 0
2 3 TL TR 1
1 4 TL BL 0
3 4 BL TR 1
4 5 TL TR 0
5 0 BL TR 1
2 4 TL TR 0
3 2 TL BL 1
5 2 TL BR 0
2 4 TL TR 1
4 2 TL TR 0
2 2 TR TL 1
5 5 TL BL 0
3 0 BL BR 1
0 3 BL BR 0
4 0 BR BL 1
1 0 BL BR 0
3 1 BL TR 1
1 5 TL TR 0
1 1 BL TL 1
0 2 TL TR 0
1 4 TR BR 1
0 3 TL TR 0
GAMEOVER WINNER 0
# Game ended: Fri Apr 05 15:00:16 EDT 2019
