# Server version 0.08 running on 142.157.50.84:8123
# Game ID: 85
# Board class: pentago_swap.PentagoBoard
# Timeout: 2000
# First Move Timeout: 30000
# Date: Fri Apr 05 16:39:57 EDT 2019
# Player 1: Player-0, '260728358', running on 142.157.50.84
# Player 2: Player-1, 'Human', running on 142.157.50.84
START Player-0 260728358
START Player-1 Human
0 0 TL TR 0
0 0 TL TR 1
0 2 TL TR 0
0 1 TL TR 1
0 5 TL TR 0
0 4 TR TL 1
1 3 TL TR 0
1 1 TL TR 1
2 0 TL TR 0
2 2 TL TR 1
2 2 TL BR 0
4 4 BR BL 1
0 0 TR BR 0
5 4 BR TR 1
0 1 TL TR 0
GAMEOVER WINNER 1
# Game ended: Fri Apr 05 16:40:54 EDT 2019
