# Server version 0.08 running on 142.157.50.84:8123
# Game ID: 29
# Board class: pentago_swap.PentagoBoard
# Timeout: 2000
# First Move Timeout: 30000
# Date: Fri Apr 05 14:57:45 EDT 2019
# Player 1: Player-0, 'RandomPlayer', running on 142.157.50.84
# Player 2: Player-1, '260728358', running on 142.157.50.84
START Player-0 RandomPlayer
START Player-1 260728358
5 2 TR BR 0
0 0 TL TR 1
0 4 TL TR 0
0 2 TL TR 1
4 0 BL BR 0
0 0 TL BL 1
2 1 TL BL 0
1 2 TL BL 1
5 2 BL BR 0
0 1 BL BR 1
2 0 TL TR 0
1 3 TL TR 1
0 0 BL BR 0
1 2 TL TR 1
5 0 TR BR 0
2 0 TL BL 1
1 1 TL BR 0
2 4 TL BR 1
5 1 TR BR 0
0 2 TR BR 1
4 4 TL TR 0
2 4 TL TR 1
4 2 TR BR 0
0 0 TR BR 1
1 3 BL BR 0
0 5 BL BR 1
1 2 TR BR 0
5 2 TR BR 1
0 4 TL BL 0
3 5 TL BL 1
4 1 TL TR 0
1 1 TL BL 1
GAMEOVER WINNER 0
# Game ended: Fri Apr 05 14:57:48 EDT 2019
