# Server version 0.08 running on 142.157.50.84:8123
# Game ID: 94
# Board class: pentago_swap.PentagoBoard
# Timeout: 2000
# First Move Timeout: 30000
# Date: Fri Apr 05 17:20:22 EDT 2019
# Player 1: Player-0, 'Human', running on 142.157.50.84
# Player 2: Player-1, '260728358', running on 142.157.50.84
START Player-0 Human
START Player-1 260728358
0 0 TL TR 0
0 0 TL TR 1
0 1 TL TR 0
0 1 TL TR 1
0 2 TL TR 0
0 2 TL TR 1
3 3 BR BL 0
1 0 TL TR 1
3 1 BL TL 0
0 2 TL TR 1
GAMEOVER WINNER 0
# Game ended: Fri Apr 05 17:20:46 EDT 2019
