# Server version 0.08 running on 142.157.50.84:8123
# Game ID: 108
# Board class: pentago_swap.PentagoBoard
# Timeout: 2000
# First Move Timeout: 30000
# Date: Fri Apr 05 17:42:14 EDT 2019
# Player 1: Player-0, 'RandomPlayer', running on 142.157.50.84
# Player 2: Player-1, '260728358', running on 142.157.50.84
START Player-0 RandomPlayer
START Player-1 260728358
5 2 TR BR 0
0 0 TL TR 1
0 4 TL TR 0
1 0 TL TR 1
4 0 BL BR 0
2 3 TL TR 1
2 2 TL BL 0
0 0 TL BL 1
5 2 BL BR 0
1 3 TL TR 1
2 0 TL TR 0
0 3 TR BL 1
GAMEOVER WINNER 1
# Game ended: Fri Apr 05 17:42:25 EDT 2019
