# Server version 0.08 running on 142.157.50.84:8123
# Game ID: 47
# Board class: pentago_swap.PentagoBoard
# Timeout: 2000
# First Move Timeout: 30000
# Date: Fri Apr 05 15:54:07 EDT 2019
# Player 1: Player-0, 'RandomPlayer', running on 142.157.50.84
# Player 2: Player-1, '260728358', running on 142.157.50.84
START Player-0 RandomPlayer
START Player-1 260728358
5 2 TR BR 0
0 0 TL TR 1
0 4 TL TR 0
1 4 TR BR 1
3 5 BL BR 0
1 4 TL TR 1
2 1 TL BL 0
0 5 TL TR 1
5 2 BL BR 0
2 0 TL TR 1
2 1 TL TR 0
2 2 TL TR 1
0 0 BL BR 0
2 4 BL BR 1
4 5 TR BR 0
3 0 TL BL 1
1 0 TL BR 0
3 5 TL TR 1
5 2 TR BR 0
0 0 TL BL 1
4 4 TL TR 0
1 3 TL TR 1
4 3 TR BR 0
5 0 TL BR 1
2 0 BL BR 0
1 1 BL BR 1
1 5 TR BR 0
0 4 TR BR 1
1 2 TL BL 0
0 1 TL BL 1
4 5 TL TR 0
GAMEOVER WINNER 0
# Game ended: Fri Apr 05 15:54:28 EDT 2019
