# Server version 0.08 running on 142.157.50.84:8123
# Game ID: 114
# Board class: pentago_swap.PentagoBoard
# Timeout: 2000
# First Move Timeout: 30000
# Date: Sat Apr 06 12:00:03 EDT 2019
# Player 1: Player-0, 'Human', running on 142.157.50.84
# Player 2: Player-1, '260728358', running on 142.157.50.84
START Player-0 Human
START Player-1 260728358
0 0 TL TR 0
0 0 TL TR 1
1 1 TL BL 0
1 3 TR BR 1
5 2 BL TR 0
2 0 BL BR 1
0 4 TR TL 0
4 1 TL TR 1
2 4 TR TL 0
4 2 TL TR 1
3 4 TR BR 0
1 0 TL TR 1
1 1 BR TL 0
0 3 TL BL 1
5 4 BR TL 0
GAMEOVER DRAW
# Game ended: Sat Apr 06 12:01:10 EDT 2019
