# Server version 0.08 running on DESKTOP-ASG87HC:8123
# Game ID: 13
# Board class: pentago_swap.PentagoBoard
# Timeout: 2000
# First Move Timeout: 30000
# Date: Tue Apr 02 20:36:25 EDT 2019
# Player 1: Player-0, 'RandomPlayer', running on 192.168.2.12
# Player 2: Player-1, 'Human', running on 192.168.2.12
START Player-0 RandomPlayer
START Player-1 Human
5 2 TR BR 0
4 1 BL TR 1
0 3 TL TR 0
2 0 TR TL 1
4 1 BL BR 0
4 1 BL TR 1
1 5 TL BL 0
0 2 BL TL 1
5 3 BL BR 0
0 5 TR BL 1
1 2 TL TR 0
5 0 TR BR 1
GAMEOVER WINNER 1
# Game ended: Tue Apr 02 20:37:37 EDT 2019
