# Server version 0.08 running on 142.157.50.84:8123
# Game ID: 20
# Board class: pentago_swap.PentagoBoard
# Timeout: 2000
# First Move Timeout: 30000
# Date: Fri Apr 05 14:31:58 EDT 2019
# Player 1: Player-0, 'Human', running on 142.157.50.84
# Player 2: Player-1, '260728358', running on 142.157.50.84
START Player-0 Human
START Player-1 260728358
0 0 TL TR 0
0 1 TR BR 1
3 4 BR TR 0
3 3 TL TR 1
0 2 TL TR 0
2 1 BL BR 1
3 5 TR BR 0
4 0 TL BL 1
0 4 TR BL 0
GAMEOVER WINNER 0
# Game ended: Fri Apr 05 14:32:16 EDT 2019
