# Server version 0.08 running on 142.157.50.84:8123
# Game ID: 37
# Board class: pentago_swap.PentagoBoard
# Timeout: 2000
# First Move Timeout: 30000
# Date: Fri Apr 05 15:26:41 EDT 2019
# Player 1: Player-0, 'Human', running on 142.157.50.84
# Player 2: Player-1, '260728358', running on 142.157.50.84
START Player-0 Human
START Player-1 260728358
0 0 TL TR 0
0 0 TL TR 1
0 1 TL TR 0
0 2 TL TR 1
1 1 TL TR 0
0 5 TL TR 1
2 2 TL TR 0
1 3 TL TR 1
3 3 BR TR 0
0 4 TL BR 1
2 2 TL TR 0
1 0 TL TR 1
5 4 BR TR 0
2 0 TR BR 1
2 4 TR BR 0
3 1 TL BR 1
1 1 TL BR 0
0 1 TL TR 1
GAMEOVER WINNER 0
# Game ended: Fri Apr 05 15:30:33 EDT 2019
