# Server version 0.08 running on 142.157.50.84:8123
# Game ID: 104
# Board class: pentago_swap.PentagoBoard
# Timeout: 2000
# First Move Timeout: 30000
# Date: Fri Apr 05 17:35:01 EDT 2019
# Player 1: Player-0, 'Human', running on 142.157.50.84
# Player 2: Player-1, '260728358', running on 142.157.50.84
START Player-0 Human
START Player-1 260728358
0 0 TL BL 0
0 0 TL TR 1
3 1 BL TL 0
0 2 TL TR 1
1 4 TR TL 0
0 4 TL TR 1
1 3 TR TL 0
0 5 TL TR 1
2 5 TR TL 0
1 2 TL TR 1
2 4 TR TL 0
1 3 TL TR 1
2 3 TR TL 0
1 4 TL TR 1
3 3 BL TL 0
0 0 TL TR 1
2 3 BL BR 0
0 4 TL TR 1
2 2 TL BL 0
0 1 TL TR 1
3 2 TR TL 0
0 2 TL TR 1
5 1 BL BR 0
GAMEOVER WINNER 1
# Game ended: Fri Apr 05 17:37:03 EDT 2019
